#-----------------------------------------------------------
# Vivado v2016.2 (64-bit)
# SW Build 1577090 on Thu Jun  2 16:32:40 MDT 2016
# IP Build 1577682 on Fri Jun  3 12:00:54 MDT 2016
# Start of session at: Sat Dec 24 23:03:23 2016
# Process ID: 2944
# Current directory: C:/Users/Alexandre/Desktop/SD2_LAB/Prova_1/2_prova_1ctr/prova
# Command line: vivado.exe -gui_launcher_event rodinguilauncherevent2184 C:\Users\Alexandre\Desktop\SD2_LAB\Prova_1\2_prova_1ctr\prova\prova.xpr
# Log file: C:/Users/Alexandre/Desktop/SD2_LAB/Prova_1/2_prova_1ctr/prova/vivado.log
# Journal file: C:/Users/Alexandre/Desktop/SD2_LAB/Prova_1/2_prova_1ctr/prova\vivado.jou
#-----------------------------------------------------------
start_gui
open_project C:/Users/Alexandre/Desktop/SD2_LAB/Prova_1/2_prova_1ctr/prova/prova.xpr
INFO: [Project 1-313] Project file moved from 'C:/Users/Alexandre/Desktop/Prova_1/2_prova_1ctr/prova' since last save.
Scanning sources...
Finished scanning sources
INFO: [IP_Flow 19-234] Refreshing IP repositories
INFO: [IP_Flow 19-1704] No user IP repositories specified
INFO: [IP_Flow 19-2313] Loaded Vivado IP repository 'C:/Xilinx/Vivado/2016.2/data/ip'.
update_compile_order -fileset sources_1
