#-----------------------------------------------------------
# Vivado v2016.2 (64-bit)
# SW Build 1577090 on Thu Jun  2 16:32:40 MDT 2016
# IP Build 1577682 on Fri Jun  3 12:00:54 MDT 2016
# Start of session at: Thu Sep 29 02:14:37 2016
# Process ID: 2996
# Current directory: C:/Users/alexandretk/Desktop/prova/prova
# Command line: vivado.exe -gui_launcher_event rodinguilauncherevent7316 C:\Users\alexandretk\Desktop\prova\prova\prova.xpr
# Log file: C:/Users/alexandretk/Desktop/prova/prova/vivado.log
# Journal file: C:/Users/alexandretk/Desktop/prova/prova\vivado.jou
#-----------------------------------------------------------
start_gui
open_project C:/Users/alexandretk/Desktop/prova/prova/prova.xpr
Scanning sources...
Finished scanning sources
INFO: [IP_Flow 19-234] Refreshing IP repositories
INFO: [IP_Flow 19-1704] No user IP repositories specified
INFO: [IP_Flow 19-2313] Loaded Vivado IP repository 'C:/Xilinx/Vivado/2016.2/data/ip'.
update_compile_order -fileset sources_1
launch_simulation
INFO: [USF-XSim-27] Simulation object is 'sim_1'
INFO: [USF-XSim-37] Inspecting design source files for 'toplevel_tb' in fileset 'sim_1'...
INFO: [USF-XSim-97] Finding global include files...
INFO: [USF-XSim-98] Fetching design files from 'sim_1'...
INFO: [USF-XSim-2] XSim::Compile design
INFO: [USF-XSim-61] Executing 'COMPILE and ANALYZE' step in 'C:/Users/alexandretk/Desktop/prova/prova/prova.sim/sim_1/behav'
"xvhdl -m64 --relax -prj toplevel_tb_vhdl.prj"
INFO: [VRFC 10-163] Analyzing VHDL file "C:/Users/alexandretk/Desktop/prova/prova/prova.srcs/sources_1/new/cmp.vhd" into library xil_defaultlib
INFO: [VRFC 10-307] analyzing entity cmp
INFO: [VRFC 10-163] Analyzing VHDL file "C:/Users/alexandretk/Desktop/prova/prova/prova.srcs/sources_1/new/contador8.vhd" into library xil_defaultlib
INFO: [VRFC 10-307] analyzing entity contador8
INFO: [VRFC 10-163] Analyzing VHDL file "C:/Users/alexandretk/Desktop/prova/prova/prova.srcs/sources_1/new/fsm.vhd" into library xil_defaultlib
INFO: [VRFC 10-307] analyzing entity fsm
INFO: [VRFC 10-163] Analyzing VHDL file "C:/Users/alexandretk/Desktop/prova/prova/prova.srcs/sources_1/new/operacional.vhd" into library xil_defaultlib
INFO: [VRFC 10-307] analyzing entity operacional
INFO: [VRFC 10-163] Analyzing VHDL file "C:/Users/alexandretk/Desktop/prova/prova/prova.srcs/sources_1/new/toplevel.vhd" into library xil_defaultlib
INFO: [VRFC 10-307] analyzing entity toplevel
INFO: [VRFC 10-163] Analyzing VHDL file "C:/Users/alexandretk/Desktop/prova/prova/prova.srcs/sim_1/new/toplevel_tb.vhd" into library xil_defaultlib
INFO: [VRFC 10-307] analyzing entity toplevel_tb
INFO: [USF-XSim-69] 'compile' step finished in '1' seconds
INFO: [USF-XSim-3] XSim::Elaborate design
INFO: [USF-XSim-61] Executing 'ELABORATE' step in 'C:/Users/alexandretk/Desktop/prova/prova/prova.sim/sim_1/behav'
Vivado Simulator 2016.2
Copyright 1986-1999, 2001-2016 Xilinx, Inc. All Rights Reserved.
Running: C:/Xilinx/Vivado/2016.2/bin/unwrapped/win64.o/xelab.exe -wto 78bae211ef3b48978bcf75412a63c28e --debug typical --relax --mt 2 -L xil_defaultlib -L secureip --snapshot toplevel_tb_behav xil_defaultlib.toplevel_tb -log elaborate.log 
Using 2 slave threads.
Starting static elaboration
Completed static elaboration
Starting simulation data flow analysis
Completed simulation data flow analysis
Time Resolution for simulation is 1ps
Compiling package std.standard
Compiling package ieee.std_logic_1164
Compiling package ieee.numeric_std
Compiling architecture behavioral of entity xil_defaultlib.fsm [fsm_default]
Compiling architecture behavioral of entity xil_defaultlib.contador8 [contador8_default]
Compiling architecture behavioral of entity xil_defaultlib.cmp [cmp_default]
Compiling architecture behavioral of entity xil_defaultlib.operacional [operacional_default]
Compiling architecture behavioral of entity xil_defaultlib.toplevel [toplevel_default]
Compiling architecture behavior of entity xil_defaultlib.toplevel_tb
Built simulation snapshot toplevel_tb_behav

****** Webtalk v2016.2 (64-bit)
  **** SW Build 1577090 on Thu Jun  2 16:32:40 MDT 2016
  **** IP Build 1577682 on Fri Jun  3 12:00:54 MDT 2016
    ** Copyright 1986-2016 Xilinx, Inc. All Rights Reserved.

source C:/Users/alexandretk/Desktop/prova/prova/prova.sim/sim_1/behav/xsim.dir/toplevel_tb_behav/webtalk/xsim_webtalk.tcl -notrace
INFO: [Common 17-206] Exiting Webtalk at Thu Sep 29 02:29:23 2016...
INFO: [USF-XSim-69] 'elaborate' step finished in '2' seconds
INFO: [USF-XSim-4] XSim::Simulate design
INFO: [USF-XSim-61] Executing 'SIMULATE' step in 'C:/Users/alexandretk/Desktop/prova/prova/prova.sim/sim_1/behav'
INFO: [USF-XSim-98] *** Running xsim
   with args "toplevel_tb_behav -key {Behavioral:sim_1:Functional:toplevel_tb} -tclbatch {toplevel_tb.tcl} -log {simulate.log}"
INFO: [USF-XSim-8] Loading simulator feature
Vivado Simulator 2016.2
Time resolution is 1 ps
source toplevel_tb.tcl
# set curr_wave [current_wave_config]
# if { [string length $curr_wave] == 0 } {
#   if { [llength [get_objects]] > 0} {
#     add_wave /
#     set_property needs_save false [current_wave_config]
#   } else {
#      send_msg_id Add_Wave-1 WARNING "No top level signals found. Simulator will start without a wave window. If you want to open a wave window go to 'File->New Waveform Configuration' or type 'create_wave_config' in the TCL console."
#   }
# }
# run 1000ns
INFO: [USF-XSim-96] XSim completed. Design snapshot 'toplevel_tb_behav' loaded.
INFO: [USF-XSim-97] XSim simulation ran for 1000ns
launch_simulation: Time (s): cpu = 00:00:03 ; elapsed = 00:00:05 . Memory (MB): peak = 726.242 ; gain = 12.055
close_sim
INFO: [Simtcl 6-16] Simulation closed
exit
INFO: [Common 17-206] Exiting Vivado at Thu Sep 29 02:59:42 2016...
